09/14/2021 09:36:45 AM - INFO - serialTest begin
09/14/2021 16:07:39 PM - INFO - serialTest begin
09/14/2021 16:08:43 PM - INFO - serialTest begin
09/14/2021 16:08:55 PM - INFO - serialTest begin
09/23/2021 18:28:49 PM - INFO - Serial initial
09/23/2021 18:29:01 PM - INFO - Serial initial
09/23/2021 18:32:04 PM - INFO - ---------------set timeer---------------
09/23/2021 18:32:04 PM - INFO - ---------------set list item response action---------------
09/23/2021 18:32:05 PM - INFO - Serial initial
09/23/2021 18:33:07 PM - INFO - ---------------set timeer---------------
09/23/2021 18:33:07 PM - INFO - ---------------set list item response action---------------
09/23/2021 18:33:07 PM - INFO - finish initial
09/23/2021 18:33:08 PM - INFO - Serial initial
09/23/2021 18:37:37 PM - INFO - ---------------set timeer---------------
09/23/2021 18:37:37 PM - INFO - finish initial
09/23/2021 18:37:38 PM - INFO - Serial initial
09/23/2021 18:38:09 PM - INFO - ---------------set timeer---------------
09/23/2021 18:38:09 PM - INFO - ---------------set list item response action---------------
09/23/2021 18:38:09 PM - INFO - finish initial
09/23/2021 18:38:17 PM - INFO - ---------------set timeer---------------
09/23/2021 18:38:17 PM - INFO - ---------------set list item response action---------------
09/23/2021 18:38:17 PM - INFO - finish initial
09/24/2021 08:35:18 AM - INFO - ---------------set timeer---------------
09/24/2021 08:35:18 AM - INFO - ---------------set list item response action---------------
09/24/2021 08:35:18 AM - INFO - finish initial
09/24/2021 08:46:38 AM - INFO - ---------------set timeer---------------
09/24/2021 08:46:38 AM - INFO - ---------------set list item response action---------------
09/24/2021 08:46:38 AM - INFO - finish initial
09/24/2021 08:49:59 AM - INFO - ---------------set timeer---------------
09/24/2021 08:49:59 AM - INFO - ---------------set list item response action---------------
09/24/2021 08:49:59 AM - INFO - finish initial
09/24/2021 08:51:35 AM - INFO - ---------------set timeer---------------
09/24/2021 08:51:35 AM - INFO - ---------------set list item response action---------------
09/24/2021 08:51:35 AM - INFO - finish initial
09/24/2021 08:52:17 AM - INFO - ---------------set timeer---------------
09/24/2021 08:52:17 AM - INFO - ---------------set list item response action---------------
09/24/2021 08:52:17 AM - INFO - finish initial
09/24/2021 08:52:18 AM - INFO - ------------------------------
09/24/2021 08:52:27 AM - INFO - ---------------set timeer---------------
09/24/2021 08:52:27 AM - INFO - ---------------set list item response action---------------
09/24/2021 08:52:27 AM - INFO - finish initial
09/24/2021 08:52:49 AM - INFO - ---------------set timeer---------------
09/24/2021 08:52:49 AM - INFO - ---------------set list item response action---------------
09/24/2021 08:52:49 AM - INFO - finish initial
09/24/2021 08:52:50 AM - INFO - ------------------------------
09/24/2021 08:53:33 AM - INFO - ---------------set timeer---------------
09/24/2021 08:53:33 AM - INFO - ---------------set list item response action---------------
09/24/2021 08:53:33 AM - INFO - finish initial
09/24/2021 08:54:11 AM - INFO - ------------------------------
09/24/2021 08:55:40 AM - INFO - ---------------set timeer---------------
09/24/2021 08:55:40 AM - INFO - ---------------set list item response action---------------
09/24/2021 08:55:40 AM - INFO - finish initial
09/24/2021 08:55:44 AM - INFO - ------------------------------
09/24/2021 08:56:10 AM - INFO - ---------------set timeer---------------
09/24/2021 08:56:10 AM - INFO - ---------------set list item response action---------------
09/24/2021 08:56:10 AM - INFO - finish initial
09/24/2021 08:56:13 AM - INFO - ------------------------------
09/24/2021 09:07:15 AM - INFO - ---------------set timeer---------------
09/24/2021 09:07:15 AM - INFO - ---------------set list item response action---------------
09/24/2021 09:07:15 AM - INFO - finish initial
09/24/2021 09:07:19 AM - INFO - ------------------------------
09/24/2021 09:07:41 AM - INFO - ---------------set timeer---------------
09/24/2021 09:07:41 AM - INFO - ---------------set list item response action---------------
09/24/2021 09:07:41 AM - INFO - finish initial
09/24/2021 09:07:49 AM - INFO - ---------------set timeer---------------
09/24/2021 09:07:49 AM - INFO - ---------------set list item response action---------------
09/24/2021 09:07:49 AM - INFO - finish initial
09/24/2021 09:07:52 AM - INFO - ------------------------------
09/24/2021 09:08:03 AM - INFO - ---------------set timeer---------------
09/24/2021 09:08:03 AM - INFO - ---------------set list item response action---------------
09/24/2021 09:08:03 AM - INFO - finish initial
09/24/2021 09:08:06 AM - INFO - ------------------------------
09/24/2021 09:09:13 AM - INFO - ---------------set timeer---------------
09/24/2021 09:09:13 AM - INFO - ---------------set list item response action---------------
09/24/2021 09:09:13 AM - INFO - finish initial
09/24/2021 09:09:17 AM - INFO - ------------------------------
09/24/2021 09:09:49 AM - INFO - ---------------set timeer---------------
09/24/2021 09:09:49 AM - INFO - ---------------set list item response action---------------
09/24/2021 09:09:49 AM - INFO - finish initial
09/24/2021 09:10:14 AM - INFO - ------------------------------
09/24/2021 09:10:59 AM - INFO - ---------------set timeer---------------
09/24/2021 09:10:59 AM - INFO - ---------------set list item response action---------------
09/24/2021 09:10:59 AM - INFO - finish initial
09/24/2021 09:11:02 AM - INFO - ------------------------------
09/24/2021 09:11:13 AM - INFO - ---------------set timeer---------------
09/24/2021 09:11:13 AM - INFO - ---------------set list item response action---------------
09/24/2021 09:11:13 AM - INFO - finish initial
09/24/2021 09:11:15 AM - INFO - ------------------------------
09/24/2021 09:13:39 AM - INFO - ---------------set timeer---------------
09/24/2021 09:13:39 AM - INFO - ---------------set list item response action---------------
09/24/2021 09:13:39 AM - INFO - finish initial
09/24/2021 09:13:43 AM - INFO - ------------------------------
09/24/2021 09:13:46 AM - INFO - click clothitem
09/24/2021 09:13:56 AM - INFO - search from cloth...
09/24/2021 09:15:21 AM - INFO - prepare to show second class classfier
09/24/2021 09:30:05 AM - INFO - ---------------set timeer---------------
09/24/2021 09:30:05 AM - INFO - ---------------set list item response action---------------
09/24/2021 09:30:05 AM - INFO - finish initial
09/24/2021 09:30:11 AM - INFO - ---------------set timeer---------------
09/24/2021 09:30:11 AM - INFO - ---------------set list item response action---------------
09/24/2021 09:30:11 AM - INFO - finish initial
09/24/2021 09:30:12 AM - INFO - ------------------------------
09/24/2021 09:30:12 AM - INFO - click clothitem
09/24/2021 09:30:12 AM - INFO - search from cloth...
09/24/2021 09:30:12 AM - INFO - prepare to show second class classfier
09/24/2021 09:36:45 AM - INFO - ---------------set timeer---------------
09/24/2021 09:36:45 AM - INFO - ---------------set list item response action---------------
09/24/2021 09:36:45 AM - INFO - finish initial
09/24/2021 09:36:46 AM - INFO - ------------------------------
09/24/2021 09:36:46 AM - INFO - click clothitem
09/24/2021 09:36:46 AM - INFO - search from cloth...
09/24/2021 09:36:46 AM - INFO - prepare to show second class classfier
09/24/2021 09:37:55 AM - INFO - ---------------set timeer---------------
09/24/2021 09:37:55 AM - INFO - ---------------set list item response action---------------
09/24/2021 09:37:55 AM - INFO - finish initial
09/24/2021 09:37:56 AM - INFO - ------------------------------
09/24/2021 09:37:56 AM - INFO - click clothitem
09/24/2021 09:37:56 AM - INFO - search from cloth...
09/24/2021 09:37:56 AM - INFO - prepare to show second class classfier
09/24/2021 09:39:43 AM - INFO - ---------------set timeer---------------
09/24/2021 09:39:43 AM - INFO - ---------------set list item response action---------------
09/24/2021 09:39:43 AM - INFO - finish initial
09/24/2021 09:39:45 AM - INFO - ------------------------------
09/24/2021 09:39:45 AM - INFO - click flavoringitem
09/24/2021 09:39:45 AM - INFO - search from flavoring...
09/24/2021 09:39:45 AM - INFO - prepare to show second class classfier
09/24/2021 09:39:51 AM - INFO - show success
09/24/2021 09:44:13 AM - INFO - ---------------set timeer---------------
09/24/2021 09:44:13 AM - INFO - ---------------set list item response action---------------
09/24/2021 09:44:13 AM - INFO - finish initial
09/24/2021 09:44:18 AM - INFO - ------------------------------
09/24/2021 09:44:18 AM - INFO - click bookitem
09/24/2021 09:44:18 AM - INFO - search from book...
09/24/2021 09:44:18 AM - INFO - prepare to show second class classfier
09/24/2021 09:44:18 AM - INFO - show success
09/24/2021 09:44:19 AM - INFO - ------------------------------
09/24/2021 09:44:19 AM - INFO - click flavoringitem
09/24/2021 09:44:19 AM - INFO - search from flavoring...
09/24/2021 09:44:19 AM - INFO - prepare to show second class classfier
09/24/2021 09:44:19 AM - INFO - show success
09/24/2021 09:44:26 AM - INFO - ------------------------------
09/24/2021 09:44:26 AM - INFO - click clothitem
09/24/2021 09:44:26 AM - INFO - search from cloth...
09/24/2021 09:44:26 AM - INFO - prepare to show second class classfier
09/24/2021 09:44:26 AM - INFO - show success
09/24/2021 10:07:14 AM - INFO - ---------------set timeer---------------
09/24/2021 10:07:14 AM - INFO - ---------------set list item response action---------------
09/24/2021 10:07:14 AM - INFO - finish initial
09/24/2021 10:07:18 AM - INFO - ------------------------------
09/24/2021 10:07:18 AM - INFO - click flavoringitem
09/24/2021 10:07:18 AM - INFO - search from flavoring...
09/24/2021 10:07:18 AM - INFO - prepare to show second class classfier
09/25/2021 22:21:02 PM - INFO - ---------------set timeer---------------
09/25/2021 22:21:02 PM - INFO - ---------------set list item response action---------------
09/25/2021 22:21:57 PM - INFO - ---------------set timeer---------------
09/25/2021 22:21:57 PM - INFO - ---------------set list item response action---------------
09/25/2021 22:24:42 PM - INFO - ---------------set timeer---------------
09/25/2021 22:24:42 PM - INFO - ---------------set list item response action---------------
09/25/2021 22:24:42 PM - INFO - finish initial
09/28/2021 16:23:14 PM - INFO - ---------------set timeer---------------
09/28/2021 16:23:14 PM - INFO - ---------------set list item response action---------------
09/28/2021 16:23:18 PM - INFO - finish initial
09/28/2021 16:23:47 PM - INFO - ---------------set timeer---------------
09/28/2021 16:23:47 PM - INFO - ---------------set list item response action---------------
09/28/2021 16:23:47 PM - INFO - finish initial
09/28/2021 16:26:33 PM - INFO - ---------------set timeer---------------
09/28/2021 16:26:33 PM - INFO - ---------------set list item response action---------------
09/28/2021 16:26:33 PM - INFO - finish initial
09/28/2021 16:27:21 PM - INFO - ---------------set timeer---------------
09/28/2021 16:27:21 PM - INFO - ---------------set list item response action---------------
09/28/2021 16:27:21 PM - INFO - finish initial
09/28/2021 16:27:49 PM - INFO - ---------------set timeer---------------
09/28/2021 16:27:49 PM - INFO - ---------------set list item response action---------------
09/28/2021 16:27:49 PM - INFO - finish initial
09/30/2021 18:07:58 PM - INFO - ---------------set timeer---------------
09/30/2021 18:07:58 PM - INFO - ---------------set list item response action---------------
09/30/2021 18:08:05 PM - INFO - finish initial
09/30/2021 18:12:03 PM - INFO - ------------------------------
09/30/2021 18:12:03 PM - INFO - click flavoringitem
09/30/2021 18:12:03 PM - INFO - search from flavoring...
09/30/2021 18:12:03 PM - INFO - prepare to show second class classifier
09/30/2021 18:12:03 PM - INFO - show success
09/30/2021 18:12:04 PM - INFO - ------------------------------
09/30/2021 18:12:04 PM - INFO - click bookitem
09/30/2021 18:12:04 PM - INFO - search from book...
09/30/2021 18:12:04 PM - INFO - prepare to show second class classifier
09/30/2021 18:12:04 PM - INFO - show success
09/30/2021 18:12:05 PM - INFO - ------------------------------
09/30/2021 18:12:05 PM - INFO - click flavoringitem
09/30/2021 18:12:05 PM - INFO - search from flavoring...
09/30/2021 18:12:05 PM - INFO - prepare to show second class classifier
09/30/2021 18:12:05 PM - INFO - show success
09/30/2021 18:12:07 PM - INFO - ------------------------------
09/30/2021 18:12:07 PM - INFO - click clothitem
09/30/2021 18:12:07 PM - INFO - search from cloth...
09/30/2021 18:12:07 PM - INFO - prepare to show second class classifier
09/30/2021 18:12:07 PM - INFO - show success
09/30/2021 18:12:08 PM - INFO - ------------------------------
09/30/2021 18:12:08 PM - INFO - click flavoringitem
09/30/2021 18:12:08 PM - INFO - search from flavoring...
09/30/2021 18:12:08 PM - INFO - prepare to show second class classifier
09/30/2021 18:12:08 PM - INFO - show success
09/30/2021 18:12:09 PM - INFO - ------------------------------
09/30/2021 18:12:09 PM - INFO - click bookitem
09/30/2021 18:12:09 PM - INFO - search from book...
09/30/2021 18:12:09 PM - INFO - prepare to show second class classifier
09/30/2021 18:12:09 PM - INFO - show success
